mysql> use devrydbm438;
Database changed
mysql> select * from emp;
+-------+--------+-----------+------+------------+---------+---------+--------+
| EMPNO | ENAME  | JOB       | MGR  | HIREDATE   | SAL     | COMM    | DEPTNO |
+-------+--------+-----------+------+------------+---------+---------+--------+
|  7369 | SMITH  | CLERK     | 7902 | 2004-12-17 |  800.00 |    NULL |     20 |
|  7499 | ALLEN  | SALESMAN  | 7698 | 2004-02-20 | 1600.00 |  300.00 |     30 |
|  7521 | WARD   | SALESMAN  | 7698 | 2004-02-22 | 1250.00 |  500.00 |     30 |
|  7566 | JONES  | MANAGER   | 7839 | 2005-04-02 | 2975.00 |    NULL |     20 |
|  7654 | MARTIN | SALESMAN  | 7698 | 2005-08-09 | 1250.00 | 1400.00 |     30 |
|  7698 | BLAKE  | MANAGER   | 7839 | 2004-05-02 | 2850.00 |    NULL |     30 |
|  7782 | CLARK  | MANAGER   | 7839 | 2005-06-09 | 2450.00 |    NULL |     10 |
|  7788 | SCOTT  | ANALYST   | 7566 | 2003-07-07 | 3000.00 |    NULL |     20 |
|  7839 | KING   | PRESIDENT | NULL | 2003-11-25 | 5000.00 |    NULL |     10 |
|  7844 | TURNER | SALESMAN  | 7698 | 2005-09-02 | 1500.00 |    0.00 |     30 |
|  7876 | ADAMS  | CLERK     | 7788 | 2003-07-03 | 1100.00 |    NULL |     20 |
|  7900 | JAMES  | CLERK     | 7698 | 2002-12-02 |  950.00 |    NULL |     30 |
|  7902 | FORD   | ANALYST   | 7566 | 2004-12-02 | 3000.00 |    NULL |     20 |
|  7934 | MILLER | CLERK     | 7782 | 2005-01-23 | 1300.00 |    NULL |     10 |
+-------+--------+-----------+------+------------+---------+---------+--------+
14 rows in set (0.00 sec)

mysql> exit
